TN:
SF:src/domain/@shared/event/event-dispatcher.ts
FN:5,<instance_members_initializer>
FN:8,get getEventHandlers
FN:12,notify
FN:14,register
FN:22,unregister
FN:31,unregisterAll
FNF:6
FNH:5
FNDA:3,<instance_members_initializer>
FNDA:6,get getEventHandlers
FNDA:0,notify
FNDA:3,register
FNDA:1,unregister
FNDA:1,unregisterAll
DA:1,1
DA:2,1
DA:3,1
DA:4,1
DA:5,1
DA:6,3
DA:7,3
DA:8,3
DA:9,6
DA:10,6
DA:11,3
DA:12,3
DA:13,3
DA:14,3
DA:15,3
DA:16,3
DA:17,3
DA:18,3
DA:19,3
DA:20,3
DA:21,3
DA:22,3
DA:23,1
DA:24,1
DA:25,1
DA:26,1
DA:27,1
DA:28,1
DA:29,1
DA:30,3
DA:31,3
DA:32,1
DA:33,1
DA:34,3
LF:34
LH:34
BRDA:5,0,0,3
BRDA:8,1,0,6
BRDA:14,2,0,3
BRDA:22,3,0,1
BRDA:31,4,0,1
BRF:5
BRH:5
end_of_record
TN:
SF:src/domain/checkout/entity/order.ts
FN:3,<instance_members_initializer>
FN:9,Order
FN:17,validate
FN:32,get id
FN:36,get customerId
FN:40,get items
FN:44,total
FNF:7
FNH:7
FNDA:18,<instance_members_initializer>
FNDA:18,Order
FNDA:18,validate
FNDA:13,get id
FNDA:6,get customerId
FNDA:7,get items
FNDA:32,total
DA:1,1
DA:2,1
DA:3,1
DA:4,18
DA:5,18
DA:6,18
DA:7,18
DA:8,18
DA:9,18
DA:10,18
DA:11,18
DA:12,18
DA:13,18
DA:14,18
DA:15,18
DA:16,18
DA:17,18
DA:18,18
DA:19,1
DA:20,1
DA:21,18
DA:22,1
DA:23,1
DA:24,18
DA:25,1
DA:26,1
DA:27,18
DA:28,0
DA:29,0
DA:30,18
DA:31,18
DA:32,18
DA:33,13
DA:34,13
DA:35,18
DA:36,18
DA:37,6
DA:38,6
DA:39,18
DA:40,18
DA:41,7
DA:42,7
DA:43,18
DA:44,18
DA:45,32
DA:46,32
DA:47,18
LF:47
LH:45
BRDA:3,0,0,18
BRDA:9,1,0,18
BRDA:17,2,0,18
BRDA:18,3,0,1
BRDA:20,4,0,17
BRDA:21,5,0,1
BRDA:23,6,0,16
BRDA:24,7,0,15
BRDA:24,8,0,1
BRDA:27,9,0,0
BRDA:27,10,0,17
BRDA:32,11,0,13
BRDA:36,12,0,6
BRDA:40,13,0,7
BRDA:44,14,0,32
BRDA:45,15,0,34
BRF:16
BRH:15
end_of_record
TN:
SF:src/domain/checkout/entity/order_item.ts
FN:1,<instance_members_initializer>
FN:8,OrderItem
FN:23,validate
FN:41,get id
FN:45,get productId
FN:49,get name
FN:53,get price
FN:57,get priceTotal
FN:61,get quantity
FNF:9
FNH:9
FNDA:23,<instance_members_initializer>
FNDA:23,OrderItem
FNDA:23,validate
FNDA:12,get id
FNDA:9,get productId
FNDA:12,get name
FNDA:12,get price
FNDA:34,get priceTotal
FNDA:29,get quantity
DA:1,1
DA:2,23
DA:3,23
DA:4,23
DA:5,23
DA:6,23
DA:7,23
DA:8,23
DA:9,23
DA:10,23
DA:11,23
DA:12,23
DA:13,23
DA:14,23
DA:15,23
DA:16,23
DA:17,23
DA:18,23
DA:19,23
DA:20,23
DA:21,23
DA:22,23
DA:23,23
DA:24,23
DA:25,1
DA:26,1
DA:27,23
DA:28,1
DA:29,1
DA:30,23
DA:31,1
DA:32,1
DA:33,23
DA:34,1
DA:35,1
DA:36,19
DA:37,2
DA:38,2
DA:39,23
DA:40,23
DA:41,23
DA:42,12
DA:43,12
DA:44,23
DA:45,23
DA:46,9
DA:47,9
DA:48,23
DA:49,23
DA:50,12
DA:51,12
DA:52,23
DA:53,23
DA:54,12
DA:55,12
DA:56,23
DA:57,23
DA:58,34
DA:59,34
DA:60,23
DA:61,23
DA:62,29
DA:63,29
DA:64,23
LF:64
LH:64
BRDA:1,0,0,23
BRDA:8,1,0,23
BRDA:23,2,0,23
BRDA:24,3,0,1
BRDA:26,4,0,22
BRDA:27,5,0,1
BRDA:29,6,0,21
BRDA:30,7,0,1
BRDA:32,8,0,20
BRDA:33,9,0,19
BRDA:33,10,0,1
BRDA:36,11,0,2
BRDA:41,12,0,12
BRDA:45,13,0,9
BRDA:49,14,0,12
BRDA:53,15,0,12
BRDA:57,16,0,34
BRDA:61,17,0,29
BRF:18
BRH:18
end_of_record
TN:
SF:src/domain/checkout/service/order.service.ts
FN:7,placeOrder
FN:16,total
FNF:2
FNH:2
FNDA:1,placeOrder
FNDA:1,total
DA:1,1
DA:2,1
DA:3,1
DA:4,1
DA:5,1
DA:6,1
DA:7,1
DA:8,1
DA:9,0
DA:10,0
DA:11,1
DA:12,1
DA:13,1
DA:14,1
DA:15,1
DA:16,1
DA:17,1
DA:18,1
DA:19,1
LF:19
LH:17
BRDA:7,0,0,1
BRDA:8,1,0,0
BRDA:16,2,0,1
BRDA:17,3,0,2
BRF:4
BRH:3
end_of_record
TN:
SF:src/domain/customer/entity/customer.ts
FN:3,<instance_members_initializer>
FN:10,Customer
FN:16,validate
FN:25,get id
FN:29,get name
FN:33,get Address
FN:37,get rewardPoints
FN:41,changeName
FN:46,changeAddress
FN:50,isActive
FN:54,activate
FN:61,deactivate
FN:65,addRewardPoints
FN:69,set Address
FNF:14
FNH:14
FNDA:22,<instance_members_initializer>
FNDA:22,Customer
FNDA:25,validate
FNDA:17,get id
FNDA:13,get name
FNDA:44,get Address
FNDA:17,get rewardPoints
FNDA:3,changeName
FNDA:7,changeAddress
FNDA:14,isActive
FNDA:3,activate
FNDA:1,deactivate
FNDA:5,addRewardPoints
FNDA:9,set Address
DA:1,1
DA:2,1
DA:3,1
DA:4,22
DA:5,22
DA:6,22
DA:7,22
DA:8,22
DA:9,22
DA:10,22
DA:11,22
DA:12,22
DA:13,22
DA:14,22
DA:15,22
DA:16,22
DA:17,25
DA:18,1
DA:19,1
DA:20,25
DA:21,2
DA:22,2
DA:23,25
DA:24,22
DA:25,22
DA:26,17
DA:27,17
DA:28,22
DA:29,22
DA:30,13
DA:31,13
DA:32,22
DA:33,22
DA:34,44
DA:35,44
DA:36,22
DA:37,22
DA:38,17
DA:39,17
DA:40,22
DA:41,22
DA:42,3
DA:43,3
DA:44,3
DA:45,22
DA:46,22
DA:47,7
DA:48,7
DA:49,22
DA:50,22
DA:51,14
DA:52,14
DA:53,22
DA:54,22
DA:55,3
DA:56,1
DA:57,1
DA:58,2
DA:59,2
DA:60,22
DA:61,22
DA:62,1
DA:63,1
DA:64,22
DA:65,22
DA:66,5
DA:67,5
DA:68,22
DA:69,22
DA:70,9
DA:71,9
DA:72,22
LF:72
LH:72
BRDA:3,0,0,22
BRDA:10,1,0,22
BRDA:16,2,0,25
BRDA:17,3,0,1
BRDA:19,4,0,24
BRDA:20,5,0,2
BRDA:25,6,0,17
BRDA:29,7,0,13
BRDA:33,8,0,44
BRDA:37,9,0,17
BRDA:41,10,0,3
BRDA:46,11,0,7
BRDA:50,12,0,14
BRDA:54,13,0,3
BRDA:55,14,0,2
BRDA:55,15,0,1
BRDA:61,16,0,1
BRDA:65,17,0,5
BRDA:69,18,0,9
BRF:19
BRH:19
end_of_record
TN:
SF:src/domain/customer/value-object/address.ts
FN:1,<instance_members_initializer>
FN:7,Address
FN:15,validate
FN:30,get street
FN:34,get number
FN:38,get zip
FN:42,get city
FN:46,toString
FNF:8
FNH:8
FNDA:20,<instance_members_initializer>
FNDA:20,Address
FNDA:20,validate
FNDA:13,get street
FNDA:13,get number
FNDA:13,get zip
FNDA:13,get city
FNDA:1,toString
DA:1,1
DA:2,20
DA:3,20
DA:4,20
DA:5,20
DA:6,20
DA:7,20
DA:8,20
DA:9,20
DA:10,20
DA:11,20
DA:12,20
DA:13,20
DA:14,20
DA:15,20
DA:16,20
DA:17,1
DA:18,1
DA:19,20
DA:20,1
DA:21,1
DA:22,20
DA:23,1
DA:24,1
DA:25,20
DA:26,1
DA:27,1
DA:28,20
DA:29,20
DA:30,20
DA:31,13
DA:32,13
DA:33,20
DA:34,20
DA:35,13
DA:36,13
DA:37,20
DA:38,20
DA:39,13
DA:40,13
DA:41,20
DA:42,20
DA:43,13
DA:44,13
DA:45,20
DA:46,20
DA:47,1
DA:48,1
DA:49,20
LF:49
LH:49
BRDA:1,0,0,20
BRDA:7,1,0,20
BRDA:15,2,0,20
BRDA:16,3,0,1
BRDA:18,4,0,19
BRDA:19,5,0,1
BRDA:21,6,0,18
BRDA:22,7,0,1
BRDA:24,8,0,17
BRDA:25,9,0,1
BRDA:30,10,0,13
BRDA:34,11,0,13
BRDA:38,12,0,13
BRDA:42,13,0,13
BRDA:46,14,0,1
BRF:15
BRH:15
end_of_record
TN:
SF:src/domain/product/entity/product.ts
FN:1,<instance_members_initializer>
FN:6,Product
FN:13,validate
FN:25,get id
FN:29,get name
FN:33,get price
FN:37,changeName
FN:42,changePrice
FNF:8
FNH:8
FNDA:20,<instance_members_initializer>
FNDA:20,Product
FNDA:27,validate
FNDA:20,get id
FNDA:21,get name
FNDA:27,get price
FNDA:2,changeName
FNDA:5,changePrice
DA:1,1
DA:2,20
DA:3,20
DA:4,20
DA:5,20
DA:6,20
DA:7,20
DA:8,20
DA:9,20
DA:10,20
DA:11,20
DA:12,20
DA:13,20
DA:14,27
DA:15,1
DA:16,1
DA:17,27
DA:18,1
DA:19,1
DA:20,27
DA:21,1
DA:22,1
DA:23,27
DA:24,20
DA:25,20
DA:26,20
DA:27,20
DA:28,20
DA:29,20
DA:30,21
DA:31,21
DA:32,20
DA:33,20
DA:34,27
DA:35,27
DA:36,20
DA:37,20
DA:38,2
DA:39,2
DA:40,2
DA:41,20
DA:42,20
DA:43,5
DA:44,5
DA:45,5
DA:46,20
LF:46
LH:46
BRDA:1,0,0,20
BRDA:6,1,0,20
BRDA:13,2,0,27
BRDA:14,3,0,1
BRDA:16,4,0,26
BRDA:17,5,0,1
BRDA:19,6,0,25
BRDA:20,7,0,1
BRDA:25,8,0,20
BRDA:29,9,0,21
BRDA:33,10,0,27
BRDA:37,11,0,2
BRDA:42,12,0,5
BRF:13
BRH:13
end_of_record
TN:
SF:src/domain/product/event/handler/send-email-when-product-is-created.handler.ts
FN:7,handle
FNF:1
FNH:0
FNDA:0,handle
DA:1,1
DA:2,1
DA:3,1
DA:4,1
DA:5,1
DA:6,1
DA:7,1
DA:8,0
DA:9,0
DA:10,1
LF:10
LH:8
BRF:0
BRH:0
end_of_record
TN:
SF:src/domain/product/service/product.service.ts
FN:4,increasePrice
FNF:1
FNH:1
FNDA:1,increasePrice
DA:1,1
DA:2,1
DA:3,1
DA:4,1
DA:5,1
DA:6,2
DA:7,2
DA:8,1
DA:9,1
DA:10,1
LF:10
LH:10
BRDA:4,0,0,1
BRDA:5,1,0,2
BRF:2
BRH:2
end_of_record
TN:
SF:src/infrastructure/db/sequelize/model/customer.model.ts
FNF:0
FNH:0
DA:1,1
DA:2,1
DA:3,1
DA:4,1
DA:5,1
DA:6,1
DA:7,1
DA:8,1
DA:9,1
DA:10,1
DA:11,1
DA:12,1
DA:13,1
DA:14,1
DA:15,1
DA:16,1
DA:17,1
DA:18,1
DA:19,1
DA:20,1
DA:21,1
DA:22,1
DA:23,1
DA:24,1
DA:25,1
DA:26,1
DA:27,1
DA:28,1
DA:29,1
DA:30,1
DA:31,1
DA:32,1
LF:32
LH:32
BRF:0
BRH:0
end_of_record
TN:
SF:src/infrastructure/db/sequelize/model/order-item.model.ts
FNF:0
FNH:0
DA:1,1
DA:2,1
DA:3,1
DA:4,1
DA:5,1
DA:6,1
DA:7,1
DA:8,1
DA:9,1
DA:10,1
DA:11,1
DA:12,1
DA:13,1
DA:14,1
DA:15,1
DA:16,1
DA:17,1
DA:18,1
DA:19,1
DA:20,1
DA:21,1
DA:22,1
DA:23,1
DA:24,1
DA:25,1
DA:26,1
DA:27,1
DA:28,1
DA:29,1
DA:30,1
DA:31,1
DA:32,1
DA:33,1
DA:34,1
DA:35,1
DA:36,1
DA:37,1
DA:38,1
DA:39,1
DA:40,1
DA:41,1
DA:42,1
DA:43,1
LF:43
LH:43
BRDA:26,0,0,0
BRDA:33,1,0,0
BRDA:21,2,0,20
BRDA:25,3,0,8
BRDA:28,4,0,8
BRDA:32,5,0,8
BRF:6
BRH:4
end_of_record
TN:
SF:src/infrastructure/db/sequelize/model/order.model.ts
FNF:0
FNH:0
DA:1,1
DA:2,1
DA:3,1
DA:4,1
DA:5,1
DA:6,1
DA:7,1
DA:8,1
DA:9,1
DA:10,1
DA:11,1
DA:12,1
DA:13,1
DA:14,1
DA:15,1
DA:16,1
DA:17,1
DA:18,1
DA:19,1
DA:20,1
DA:21,1
DA:22,1
DA:23,1
DA:24,1
DA:25,1
DA:26,1
DA:27,1
DA:28,1
DA:29,1
DA:30,1
DA:31,1
DA:32,1
DA:33,1
DA:34,1
LF:34
LH:34
BRDA:27,0,0,0
BRDA:22,1,0,4
BRDA:26,2,0,16
BRDA:29,3,0,16
BRF:4
BRH:3
end_of_record
TN:
SF:src/infrastructure/db/sequelize/model/product.model.ts
FNF:0
FNH:0
DA:1,1
DA:2,1
DA:3,1
DA:4,1
DA:5,1
DA:6,1
DA:7,1
DA:8,1
DA:9,1
DA:10,1
DA:11,1
DA:12,1
DA:13,1
DA:14,1
DA:15,1
DA:16,1
DA:17,1
LF:17
LH:17
BRF:0
BRH:0
end_of_record
TN:
SF:src/infrastructure/repository/customer.repository.ts
FN:7,create
FN:20,update
FN:39,find
FN:67,findAll
FNF:4
FNH:4
FNDA:10,create
FNDA:1,update
FNDA:2,find
FNDA:1,findAll
DA:1,1
DA:2,1
DA:3,1
DA:4,1
DA:5,1
DA:6,1
DA:7,1
DA:8,10
DA:9,10
DA:10,10
DA:11,10
DA:12,10
DA:13,10
DA:14,10
DA:15,10
DA:16,10
DA:17,10
DA:18,10
DA:19,1
DA:20,1
DA:21,1
DA:22,1
DA:23,1
DA:24,1
DA:25,1
DA:26,1
DA:27,1
DA:28,1
DA:29,1
DA:30,1
DA:31,1
DA:32,1
DA:33,1
DA:34,1
DA:35,1
DA:36,1
DA:37,1
DA:38,1
DA:39,1
DA:40,2
DA:41,2
DA:42,2
DA:43,2
DA:44,2
DA:45,2
DA:46,2
DA:47,2
DA:48,2
DA:49,1
DA:50,1
DA:51,1
DA:52,1
DA:53,1
DA:54,1
DA:55,1
DA:56,1
DA:57,1
DA:58,1
DA:59,1
DA:60,1
DA:61,1
DA:62,1
DA:63,1
DA:64,1
DA:65,1
DA:66,1
DA:67,1
DA:68,1
DA:69,1
DA:70,1
DA:71,2
DA:72,2
DA:73,2
DA:74,2
DA:75,2
DA:76,2
DA:77,2
DA:78,2
DA:79,2
DA:80,2
DA:81,0
DA:82,0
DA:83,2
DA:84,2
DA:85,1
DA:86,1
DA:87,1
DA:88,1
LF:88
LH:86
BRDA:7,0,0,10
BRDA:20,1,0,1
BRDA:39,2,0,2
BRDA:48,3,0,1
BRDA:67,4,0,1
BRDA:70,5,0,2
BRDA:80,6,0,0
BRF:7
BRH:6
end_of_record
TN:
SF:src/infrastructure/repository/order.repository.ts
FN:8,create
FN:28,update
FN:71,find
FN:101,findAll
FNF:4
FNH:4
FNDA:6,create
FNDA:1,update
FNDA:1,find
FNDA:1,findAll
DA:1,1
DA:2,1
DA:3,1
DA:4,1
DA:5,1
DA:6,1
DA:7,1
DA:8,1
DA:9,6
DA:10,6
DA:11,6
DA:12,6
DA:13,6
DA:14,6
DA:15,6
DA:16,6
DA:17,6
DA:18,6
DA:19,6
DA:20,6
DA:21,6
DA:22,6
DA:23,6
DA:24,6
DA:25,6
DA:26,6
DA:27,1
DA:28,1
DA:29,1
DA:30,1
DA:31,2
DA:32,2
DA:33,2
DA:34,2
DA:35,2
DA:36,2
DA:37,2
DA:38,2
DA:39,2
DA:40,2
DA:41,2
DA:42,2
DA:43,2
DA:44,2
DA:45,2
DA:46,2
DA:47,1
DA:48,1
DA:49,1
DA:50,1
DA:51,1
DA:52,1
DA:53,1
DA:54,1
DA:55,1
DA:56,2
DA:57,1
DA:58,1
DA:59,1
DA:60,1
DA:61,1
DA:62,1
DA:63,1
DA:64,1
DA:65,1
DA:66,1
DA:67,1
DA:68,1
DA:69,1
DA:70,1
DA:71,1
DA:72,1
DA:73,1
DA:74,1
DA:75,1
DA:76,1
DA:77,1
DA:78,1
DA:79,1
DA:80,1
DA:81,1
DA:82,1
DA:83,0
DA:84,0
DA:85,1
DA:86,1
DA:87,1
DA:88,1
DA:89,1
DA:90,1
DA:91,1
DA:92,1
DA:93,1
DA:94,1
DA:95,1
DA:96,1
DA:97,1
DA:98,1
DA:99,1
DA:100,1
DA:101,1
DA:102,1
DA:103,1
DA:104,1
DA:105,1
DA:106,1
DA:107,3
DA:108,3
DA:109,3
DA:110,3
DA:111,3
DA:112,3
DA:113,3
DA:114,3
DA:115,3
DA:116,3
DA:117,3
DA:118,3
DA:119,3
DA:120,3
DA:121,3
DA:122,3
DA:123,1
DA:124,1
LF:124
LH:122
BRDA:8,0,0,6
BRDA:14,1,0,6
BRDA:28,2,0,1
BRDA:30,3,0,2
BRDA:46,4,0,1
BRDA:71,5,0,1
BRDA:82,6,0,0
BRDA:89,7,0,1
BRDA:101,8,0,1
BRDA:106,9,0,3
BRDA:110,10,0,3
BRF:11
BRH:10
end_of_record
TN:
SF:src/infrastructure/repository/product.repository.ts
FN:6,create
FN:14,update
FN:28,find
FN:34,findAll
FNF:4
FNH:4
FNDA:10,create
FNDA:1,update
FNDA:1,find
FNDA:1,findAll
DA:1,1
DA:2,1
DA:3,1
DA:4,1
DA:5,1
DA:6,1
DA:7,10
DA:8,10
DA:9,10
DA:10,10
DA:11,10
DA:12,10
DA:13,1
DA:14,1
DA:15,1
DA:16,1
DA:17,1
DA:18,1
DA:19,1
DA:20,1
DA:21,1
DA:22,1
DA:23,1
DA:24,1
DA:25,1
DA:26,1
DA:27,1
DA:28,1
DA:29,1
DA:30,1
DA:31,1
DA:32,1
DA:33,1
DA:34,1
DA:35,1
DA:36,1
DA:37,1
DA:38,2
DA:39,1
DA:40,1
DA:41,1
LF:41
LH:41
BRDA:6,0,0,10
BRDA:14,1,0,1
BRDA:28,2,0,1
BRDA:34,3,0,1
BRDA:37,4,0,2
BRF:5
BRH:5
end_of_record
